.gradle-build/app/outputs/logs/manifest-merger-debug-report.txt
-- Merging decision tree log ---
manifest
ADDED from src\main\AndroidManifest.xml:2:1-116:12
INJECTED from src\main\AndroidManifest.xml:2:1-116:12
INJECTED from src\main\AndroidManifest.xml:2:1-116:12
INJECTED from src\main\AndroidManifest.xml:2:1-116:12
MERGED from [com.android.support:multidex:1.0.2] AndroidManifest.xml:17:1-22:12
MERGED from [:matiss] AndroidManifest.xml:17:1-33:12
MERGED from [com.flipboard:bottomsheet-commons:1.5.3] AndroidManifest.xml:2:1-9:12
MERGED from [com.flipboard:bottomsheet-core:1.5.3] AndroidManifest.xml:2:1-9:12
MERGED from [com.just.agentweb:agentweb:1.2.6] AndroidManifest.xml:2:1-28:12
MERGED from [com.jude:rollviewpager:1.2.9] AndroidManifest.xml:2:1-11:12
MERGED from [me.shaohui:bottomdialog:1.1.9] AndroidManifest.xml:2:1-11:12
MERGED from [com.afollestad.material-dialogs:commons:0.9.4.5] AndroidManifest.xml:2:1-14:12
MERGED from [com.afollestad.material-dialogs:core:0.9.4.5] AndroidManifest.xml:2:1-15:12
MERGED from [com.android.support:support-v13:25.3.1] AndroidManifest.xml:17:1-31:12
MERGED from [com.android.support:design:26.1.0] AndroidManifest.xml:17:1-31:12
MERGED from [com.android.support:transition:26.1.0] AndroidManifest.xml:17:1-28:12
MERGED from [com.android.support:support-v4:26.1.0] AndroidManifest.xml:17:1-31:12
MERGED from [jp.wasabeef:recyclerview-animators:2.2.3] AndroidManifest.xml:2:1-12:12
MERGED from [com.github.arcadefire:nice-spinner:1.3.1] AndroidManifest.xml:2:1-11:12
MERGED from [me.zhanghai.android.materialratingbar:library:1.2.0] AndroidManifest.xml:6:1-16:12
MERGED from [com.zaaach:citypicker:1.2] AndroidManifest.xml:2:1-40:12
MERGED from [me.zhanghai.android.materialprogressbar:library:1.4.1] AndroidManifest.xml:6:1-16:12
MERGED from [com.android.support:appcompat-v7:27.0.1] AndroidManifest.xml:17:1-22:12
MERGED from [com.android.support:cardview-v7:26.1.0] AndroidManifest.xml:17:1-28:12
MERGED from [com.android.support.constraint:constraint-layout:1.0.2] AndroidManifest.xml:2:1-11:12
MERGED from [com.facebook.stetho:stetho-okhttp3:1.5.0] AndroidManifest.xml:2:1-13:12
MERGED from [com.facebook.stetho:stetho:1.5.0] AndroidManifest.xml:2:1-13:12
MERGED from [com.youth.banner:banner:1.4.9] AndroidManifest.xml:2:1-11:12
MERGED from [com.orhanobut:logger:2.1.1] AndroidManifest.xml:2:1-8:12
MERGED from [com.tbruyelle.rxpermissions2:rxpermissions:0.9.4] AndroidManifest.xml:2:1-13:12
MERGED from [com.lzy.net:okserver:2.0.5] AndroidManifest.xml:17:1-27:12
MERGED from [com.lzy.net:okgo:3.0.4] AndroidManifest.xml:17:1-31:12
MERGED from [com.tencent.bugly:crashreport_upgrade:1.3.5] AndroidManifest.xml:2:1-46:12
MERGED from [com.tencent.bugly:nativecrashreport:3.3.1] AndroidManifest.xml:2:1-9:12
MERGED from [com.jakewharton:butterknife:8.7.0] AndroidManifest.xml:2:1-7:12
MERGED from [io.reactivex.rxjava2:rxandroid:2.0.1] AndroidManifest.xml:15:1-21:12
MERGED from [org.litepal.android:core:2.0.0] AndroidManifest.xml:2:1-15:12
MERGED from [top.zibin:Luban:1.1.3] AndroidManifest.xml:2:1-11:12
MERGED from [com.blankj:utilcode:1.9.8] AndroidManifest.xml:2:1-10:12
MERGED from [cn.jiguang.sdk:jpush:3.1.1] AndroidManifest.xml:2:1-133:12
MERGED from [cn.jiguang.sdk:jcore:1.1.9] AndroidManifest.xml:2:1-14:12
MERGED from [com.github.vondear:RxTools:v1.7.7.3] AndroidManifest.xml:2:1-58:12
MERGED from [com.github.CymChad:BaseRecyclerViewAdapterHelper:2.9.30] AndroidManifest.xml:2:1-11:12
MERGED from [com.jude:easyrecyclerview:4.2.1] AndroidManifest.xml:2:1-11:12
MERGED from [com.wang.avi:library:2.1.3] AndroidManifest.xml:2:1-11:12
MERGED from [de.hdodenhof:circleimageview:2.1.0] AndroidManifest.xml:2:1-11:12
MERGED from [cn.qqtheme.framework:WheelPicker:1.5.6] AndroidManifest.xml:2:1-12:12
MERGED from [q.rorbin:badgeview:1.1.3] AndroidManifest.xml:2:1-13:12
MERGED from [com.flyco.tablayout:FlycoTabLayout_Lib:2.1.2] AndroidManifest.xml:2:1-12:12
MERGED from [com.scwang.smartrefresh:SmartRefreshLayout:1.0.5.1] AndroidManifest.xml:2:1-17:12
MERGED from [com.scwang.smartrefresh:SmartRefreshHeader:1.0.5.1] AndroidManifest.xml:2:1-17:12
MERGED from [com.github.chrisbanes:PhotoView:2.0.0] AndroidManifest.xml:2:1-12:12
MERGED from [com.android.support:support-media-compat:26.1.0] AndroidManifest.xml:17:1-31:12
MERGED from [com.android.support:recyclerview-v7:26.1.0] AndroidManifest.xml:17:1-28:12
MERGED from [com.android.support:support-fragment:27.0.1] AndroidManifest.xml:17:1-22:12
MERGED from [com.android.support:support-core-utils:27.0.1] AndroidManifest.xml:17:1-22:12
MERGED from [com.android.support:animated-vector-drawable:27.0.1] AndroidManifest.xml:17:1-22:12
MERGED from [com.android.support:support-vector-drawable:27.0.1] AndroidManifest.xml:17:1-22:12
MERGED from [com.android.support:support-core-ui:27.0.1] AndroidManifest.xml:17:1-22:12
MERGED from [com.android.support:support-compat:27.0.1] AndroidManifest.xml:17:1-22:12
MERGED from [cn.qqtheme.framework:Common:1.5.6] AndroidManifest.xml:2:1-12:12
MERGED from [it.sephiroth.android.library.imagezoom:library:1.0.4] AndroidManifest.xml:1:106-7:12
MERGED from [it.sephiroth.android.library.easing:library:1.0.2] AndroidManifest.xml:1:116-8:12
MERGED from [android.arch.lifecycle:runtime:1.0.0] AndroidManifest.xml:17:1-30:12
INJECTED from src\main\AndroidManifest.xml:2:1-116:12
INJECTED from src\main\AndroidManifest.xml:2:1-116:12
INJECTED from src\main\AndroidManifest.xml:2:1-116:12
	package
		ADDED from src\main\AndroidManifest.xml:4:5-28
		INJECTED from src\main\AndroidManifest.xml
		INJECTED from src\main\AndroidManifest.xml
	android:versionName
		INJECTED from src\main\AndroidManifest.xml
		ADDED from src\main\AndroidManifest.xml:2:1-116:12
		INJECTED from src\main\AndroidManifest.xml
	xmlns:tools
		ADDED from src\main\AndroidManifest.xml:3:5-51
	android:versionCode
		INJECTED from src\main\AndroidManifest.xml
		ADDED from src\main\AndroidManifest.xml:2:1-116:12
		INJECTED from src\main\AndroidManifest.xml
	xmlns:android
		ADDED from src\main\AndroidManifest.xml:2:11-69
uses-permission#android.permission.NFC
ADDED from src\main\AndroidManifest.xml:7:5-62
	android:name
		ADDED from src\main\AndroidManifest.xml:7:22-59
uses-permission#android.permission.INTERNET
ADDED from src\main\AndroidManifest.xml:8:5-67
MERGED from [com.zaaach:citypicker:1.2] AndroidManifest.xml:22:5-67
MERGED from [com.zaaach:citypicker:1.2] AndroidManifest.xml:22:5-67
MERGED from [com.lzy.net:okgo:3.0.4] AndroidManifest.xml:26:5-67
MERGED from [com.lzy.net:okgo:3.0.4] AndroidManifest.xml:26:5-67
MERGED from [com.tencent.bugly:crashreport_upgrade:1.3.5] AndroidManifest.xml:12:5-67
MERGED from [com.tencent.bugly:crashreport_upgrade:1.3.5] AndroidManifest.xml:12:5-67
MERGED from [cn.jiguang.sdk:jpush:3.1.1] AndroidManifest.xml:18:5-67
MERGED from [cn.jiguang.sdk:jpush:3.1.1] AndroidManifest.xml:18:5-67
MERGED from [com.github.vondear:RxTools:v1.7.7.3] AndroidManifest.xml:11:5-67
MERGED from [com.github.vondear:RxTools:v1.7.7.3] AndroidManifest.xml:11:5-67
	android:name
		ADDED from src\main\AndroidManifest.xml:8:22-64
uses-permission#android.permission.CALL_PHONE
ADDED from src\main\AndroidManifest.xml:9:5-69
MERGED from [com.github.vondear:RxTools:v1.7.7.3] AndroidManifest.xml:15:5-69
MERGED from [com.github.vondear:RxTools:v1.7.7.3] AndroidManifest.xml:15:5-69
	android:name
		ADDED from src\main\AndroidManifest.xml:9:22-66
uses-permission#android.permission.WRITE_EXTERNAL_STORAGE
ADDED from src\main\AndroidManifest.xml:10:5-81
MERGED from [:matiss] AndroidManifest.xml:24:5-81
MERGED from [:matiss] AndroidManifest.xml:24:5-81
MERGED from [com.zaaach:citypicker:1.2] AndroidManifest.xml:26:5-81
MERGED from [com.zaaach:citypicker:1.2] AndroidManifest.xml:26:5-81
MERGED from [com.lzy.net:okgo:3.0.4] AndroidManifest.xml:28:5-81
MERGED from [com.lzy.net:okgo:3.0.4] AndroidManifest.xml:28:5-81
MERGED from [com.tencent.bugly:crashreport_upgrade:1.3.5] AndroidManifest.xml:16:5-81
MERGED from [com.tencent.bugly:crashreport_upgrade:1.3.5] AndroidManifest.xml:16:5-81
MERGED from [cn.jiguang.sdk:jpush:3.1.1] AndroidManifest.xml:21:5-81
MERGED from [cn.jiguang.sdk:jpush:3.1.1] AndroidManifest.xml:21:5-81
MERGED from [com.github.vondear:RxTools:v1.7.7.3] AndroidManifest.xml:19:5-81
MERGED from [com.github.vondear:RxTools:v1.7.7.3] AndroidManifest.xml:19:5-81
	android:name
		ADDED from src\main\AndroidManifest.xml:10:22-78
uses-permission#android.permission.READ_EXTERNAL_STORAGE
ADDED from src\main\AndroidManifest.xml:11:5-80
MERGED from [:matiss] AndroidManifest.xml:25:5-80
MERGED from [:matiss] AndroidManifest.xml:25:5-80
MERGED from [com.lzy.net:okgo:3.0.4] AndroidManifest.xml:27:5-80
MERGED from [com.lzy.net:okgo:3.0.4] AndroidManifest.xml:27:5-80
MERGED from [cn.jiguang.sdk:jpush:3.1.1] AndroidManifest.xml:22:5-80
MERGED from [cn.jiguang.sdk:jpush:3.1.1] AndroidManifest.xml:22:5-80
	android:name
		ADDED from src\main\AndroidManifest.xml:11:22-77
uses-permission#android.permission.READ_LOGS
ADDED from src\main\AndroidManifest.xml:12:5-68
MERGED from [com.tencent.bugly:crashreport_upgrade:1.3.5] AndroidManifest.xml:15:5-68
MERGED from [com.tencent.bugly:crashreport_upgrade:1.3.5] AndroidManifest.xml:15:5-68
	android:name
		ADDED from src\main\AndroidManifest.xml:12:22-65
uses-permission#android.permission.CAMERA
ADDED from src\main\AndroidManifest.xml:13:5-65
MERGED from [com.github.vondear:RxTools:v1.7.7.3] AndroidManifest.xml:25:5-65
MERGED from [com.github.vondear:RxTools:v1.7.7.3] AndroidManifest.xml:25:5-65
	android:name
		ADDED from src\main\AndroidManifest.xml:13:22-62
uses-permission#android.permission.ACCESS_NETWORK_STATE
ADDED from src\main\AndroidManifest.xml:15:5-79
MERGED from [com.zaaach:citypicker:1.2] AndroidManifest.xml:16:5-79
MERGED from [com.zaaach:citypicker:1.2] AndroidManifest.xml:16:5-79
MERGED from [com.tencent.bugly:crashreport_upgrade:1.3.5] AndroidManifest.xml:13:5-79
MERGED from [com.tencent.bugly:crashreport_upgrade:1.3.5] AndroidManifest.xml:13:5-79
MERGED from [cn.jiguang.sdk:jpush:3.1.1] AndroidManifest.xml:26:5-79
MERGED from [cn.jiguang.sdk:jpush:3.1.1] AndroidManifest.xml:26:5-79
	android:name
		ADDED from src\main\AndroidManifest.xml:15:22-76
uses-permission#android.permission.ACCESS_WIFI_STATE
ADDED from src\main\AndroidManifest.xml:17:5-76
MERGED from [com.zaaach:citypicker:1.2] AndroidManifest.xml:18:5-76
MERGED from [com.zaaach:citypicker:1.2] AndroidManifest.xml:18:5-76
MERGED from [com.tencent.bugly:crashreport_upgrade:1.3.5] AndroidManifest.xml:14:5-76
MERGED from [com.tencent.bugly:crashreport_upgrade:1.3.5] AndroidManifest.xml:14:5-76
MERGED from [cn.jiguang.sdk:jpush:3.1.1] AndroidManifest.xml:27:5-76
MERGED from [cn.jiguang.sdk:jpush:3.1.1] AndroidManifest.xml:27:5-76
MERGED from [com.github.vondear:RxTools:v1.7.7.3] AndroidManifest.xml:14:5-76
MERGED from [com.github.vondear:RxTools:v1.7.7.3] AndroidManifest.xml:14:5-76
	android:name
		ADDED from src\main\AndroidManifest.xml:17:22-73
uses-permission#android.permission.CHANGE_WIFI_STATE
ADDED from src\main\AndroidManifest.xml:19:5-76
MERGED from [com.zaaach:citypicker:1.2] AndroidManifest.xml:20:5-76
MERGED from [com.zaaach:citypicker:1.2] AndroidManifest.xml:20:5-76
MERGED from [cn.jiguang.sdk:jpush:3.1.1] AndroidManifest.xml:32:5-76
MERGED from [cn.jiguang.sdk:jpush:3.1.1] AndroidManifest.xml:32:5-76
	android:name
		ADDED from src\main\AndroidManifest.xml:19:22-73
uses-permission#android.permission.READ_PHONE_STATE
ADDED from src\main\AndroidManifest.xml:21:5-75
MERGED from [com.zaaach:citypicker:1.2] AndroidManifest.xml:24:5-75
MERGED from [com.zaaach:citypicker:1.2] AndroidManifest.xml:24:5-75
MERGED from [com.tencent.bugly:crashreport_upgrade:1.3.5] AndroidManifest.xml:11:5-75
MERGED from [com.tencent.bugly:crashreport_upgrade:1.3.5] AndroidManifest.xml:11:5-75
MERGED from [cn.jiguang.sdk:jpush:3.1.1] AndroidManifest.xml:20:5-75
MERGED from [cn.jiguang.sdk:jpush:3.1.1] AndroidManifest.xml:20:5-75
MERGED from [com.github.vondear:RxTools:v1.7.7.3] AndroidManifest.xml:18:5-75
MERGED from [com.github.vondear:RxTools:v1.7.7.3] AndroidManifest.xml:18:5-75
	android:name
		ADDED from src\main\AndroidManifest.xml:21:22-72
uses-permission#android.permission.ACCESS_COARSE_LOCATION
ADDED from src\main\AndroidManifest.xml:25:5-81
MERGED from [com.zaaach:citypicker:1.2] AndroidManifest.xml:12:5-81
MERGED from [com.zaaach:citypicker:1.2] AndroidManifest.xml:12:5-81
MERGED from [cn.jiguang.sdk:jpush:3.1.1] AndroidManifest.xml:31:5-81
MERGED from [cn.jiguang.sdk:jpush:3.1.1] AndroidManifest.xml:31:5-81
MERGED from [com.github.vondear:RxTools:v1.7.7.3] AndroidManifest.xml:12:5-81
MERGED from [com.github.vondear:RxTools:v1.7.7.3] AndroidManifest.xml:12:5-81
	android:name
		ADDED from src\main\AndroidManifest.xml:25:22-78
uses-permission#android.permission.ACCESS_FINE_LOCATION
ADDED from src\main\AndroidManifest.xml:27:5-79
MERGED from [com.zaaach:citypicker:1.2] AndroidManifest.xml:14:5-79
MERGED from [com.zaaach:citypicker:1.2] AndroidManifest.xml:14:5-79
MERGED from [cn.jiguang.sdk:jpush:3.1.1] AndroidManifest.xml:33:5-79
MERGED from [cn.jiguang.sdk:jpush:3.1.1] AndroidManifest.xml:33:5-79
MERGED from [com.github.vondear:RxTools:v1.7.7.3] AndroidManifest.xml:13:5-79
MERGED from [com.github.vondear:RxTools:v1.7.7.3] AndroidManifest.xml:13:5-79
	android:name
		ADDED from src\main\AndroidManifest.xml:27:22-76
uses-permission#android.permission.ACCESS_LOCATION_EXTRA_COMMANDS
ADDED from src\main\AndroidManifest.xml:29:5-89
MERGED from [com.zaaach:citypicker:1.2] AndroidManifest.xml:28:5-89
MERGED from [com.zaaach:citypicker:1.2] AndroidManifest.xml:28:5-89
MERGED from [cn.jiguang.sdk:jpush:3.1.1] AndroidManifest.xml:34:5-89
MERGED from [cn.jiguang.sdk:jpush:3.1.1] AndroidManifest.xml:34:5-89
	android:name
		ADDED from src\main\AndroidManifest.xml:29:22-86
uses-permission#android.permission.BLUETOOTH
ADDED from src\main\AndroidManifest.xml:31:5-68
MERGED from [com.zaaach:citypicker:1.2] AndroidManifest.xml:30:5-68
MERGED from [com.zaaach:citypicker:1.2] AndroidManifest.xml:30:5-68
	android:name
		ADDED from src\main\AndroidManifest.xml:31:22-65
uses-permission#android.permission.BLUETOOTH_ADMIN
ADDED from src\main\AndroidManifest.xml:32:5-74
MERGED from [com.zaaach:citypicker:1.2] AndroidManifest.xml:31:5-74
MERGED from [com.zaaach:citypicker:1.2] AndroidManifest.xml:31:5-74
	android:name
		ADDED from src\main\AndroidManifest.xml:32:22-71
uses-permission#android.permission.RECEIVE_USER_PRESENT
ADDED from src\main\AndroidManifest.xml:35:5-79
MERGED from [cn.jiguang.sdk:jpush:3.1.1] AndroidManifest.xml:17:5-79
MERGED from [cn.jiguang.sdk:jpush:3.1.1] AndroidManifest.xml:17:5-79
	android:name
		ADDED from src\main\AndroidManifest.xml:35:22-76
uses-permission#android.permission.WAKE_LOCK
ADDED from src\main\AndroidManifest.xml:37:5-68
MERGED from [cn.jiguang.sdk:jpush:3.1.1] AndroidManifest.xml:19:5-68
MERGED from [cn.jiguang.sdk:jpush:3.1.1] AndroidManifest.xml:19:5-68
	android:name
		ADDED from src\main\AndroidManifest.xml:37:22-65
uses-permission#android.permission.WRITE_SETTINGS
ADDED from src\main\AndroidManifest.xml:39:5-73
MERGED from [cn.jiguang.sdk:jpush:3.1.1] AndroidManifest.xml:23:5-73
MERGED from [cn.jiguang.sdk:jpush:3.1.1] AndroidManifest.xml:23:5-73
	android:name
		ADDED from src\main\AndroidManifest.xml:39:22-70
uses-permission#android.permission.VIBRATE
ADDED from src\main\AndroidManifest.xml:41:5-66
MERGED from [cn.jiguang.sdk:jpush:3.1.1] AndroidManifest.xml:24:5-66
MERGED from [cn.jiguang.sdk:jpush:3.1.1] AndroidManifest.xml:24:5-66
MERGED from [com.github.vondear:RxTools:v1.7.7.3] AndroidManifest.xml:21:5-66
MERGED from [com.github.vondear:RxTools:v1.7.7.3] AndroidManifest.xml:21:5-66
	android:name
		ADDED from src\main\AndroidManifest.xml:41:22-63
uses-permission#android.permission.MOUNT_UNMOUNT_FILESYSTEMS
ADDED from src\main\AndroidManifest.xml:43:5-84
MERGED from [com.lzy.net:okgo:3.0.4] AndroidManifest.xml:29:5-84
MERGED from [com.lzy.net:okgo:3.0.4] AndroidManifest.xml:29:5-84
MERGED from [cn.jiguang.sdk:jpush:3.1.1] AndroidManifest.xml:25:5-84
MERGED from [cn.jiguang.sdk:jpush:3.1.1] AndroidManifest.xml:25:5-84
	android:name
		ADDED from src\main\AndroidManifest.xml:43:22-81
uses-permission#android.permission.SYSTEM_ALERT_WINDOW
ADDED from src\main\AndroidManifest.xml:46:5-78
MERGED from [cn.jiguang.sdk:jpush:3.1.1] AndroidManifest.xml:30:5-78
MERGED from [cn.jiguang.sdk:jpush:3.1.1] AndroidManifest.xml:30:5-78
	android:name
		ADDED from src\main\AndroidManifest.xml:46:22-75
uses-permission#android.permission.CHANGE_NETWORK_STATE
ADDED from src\main\AndroidManifest.xml:47:5-79
MERGED from [cn.jiguang.sdk:jpush:3.1.1] AndroidManifest.xml:35:5-79
MERGED from [cn.jiguang.sdk:jpush:3.1.1] AndroidManifest.xml:35:5-79
	android:name
		ADDED from src\main\AndroidManifest.xml:47:22-76
uses-permission#android.permission.GET_TASKS
ADDED from src\main\AndroidManifest.xml:48:5-68
	android:name
		ADDED from src\main\AndroidManifest.xml:48:22-65
uses-permission#android.permission.INTERACT_ACROSS_USERS_FULL
ADDED from src\main\AndroidManifest.xml:49:5-85
	android:name
		ADDED from src\main\AndroidManifest.xml:49:22-82
uses-permission#android.permission.RECORD_AUDIO
ADDED from src\main\AndroidManifest.xml:51:5-71
	android:name
		ADDED from src\main\AndroidManifest.xml:51:22-68
uses-permission#android.permission.MODIFY_AUDIO_SETTINGS
ADDED from src\main\AndroidManifest.xml:56:5-80
	android:name
		ADDED from src\main\AndroidManifest.xml:56:22-77
uses-permission#android.permission.KILL_BACKGROUND_PROCESSES
ADDED from src\main\AndroidManifest.xml:57:5-84
	android:name
		ADDED from src\main\AndroidManifest.xml:57:22-81
uses-permission#android.permission.READ_CONTACTS
ADDED from src\main\AndroidManifest.xml:59:5-72
	android:name
		ADDED from src\main\AndroidManifest.xml:59:22-69
uses-permission#android.permission.RECEIVE_BOOT_COMPLETED
ADDED from src\main\AndroidManifest.xml:60:5-81
	android:name
		ADDED from src\main\AndroidManifest.xml:60:22-78
application
ADDED from src\main\AndroidManifest.xml:68:5-114:19
MERGED from [:matiss] AndroidManifest.xml:27:5-31:19
MERGED from [:matiss] AndroidManifest.xml:27:5-31:19
MERGED from [com.just.agentweb:agentweb:1.2.6] AndroidManifest.xml:11:5-26:19
MERGED from [com.just.agentweb:agentweb:1.2.6] AndroidManifest.xml:11:5-26:19
MERGED from [com.afollestad.material-dialogs:commons:0.9.4.5] AndroidManifest.xml:12:5-20
MERGED from [com.afollestad.material-dialogs:commons:0.9.4.5] AndroidManifest.xml:12:5-20
MERGED from [com.afollestad.material-dialogs:core:0.9.4.5] AndroidManifest.xml:13:5-20
MERGED from [com.afollestad.material-dialogs:core:0.9.4.5] AndroidManifest.xml:13:5-20
MERGED from [com.android.support:support-v13:25.3.1] AndroidManifest.xml:29:5-20
MERGED from [com.android.support:support-v13:25.3.1] AndroidManifest.xml:29:5-20
MERGED from [com.android.support:design:26.1.0] AndroidManifest.xml:25:5-29:19
MERGED from [com.android.support:design:26.1.0] AndroidManifest.xml:25:5-29:19
MERGED from [com.android.support:transition:26.1.0] AndroidManifest.xml:22:5-26:19
MERGED from [com.android.support:transition:26.1.0] AndroidManifest.xml:22:5-26:19
MERGED from [com.android.support:support-v4:26.1.0] AndroidManifest.xml:25:5-29:19
MERGED from [com.android.support:support-v4:26.1.0] AndroidManifest.xml:25:5-29:19
MERGED from [com.github.arcadefire:nice-spinner:1.3.1] AndroidManifest.xml:9:5-47
MERGED from [com.github.arcadefire:nice-spinner:1.3.1] AndroidManifest.xml:9:5-47
MERGED from [com.zaaach:citypicker:1.2] AndroidManifest.xml:33:5-38:19
MERGED from [com.zaaach:citypicker:1.2] AndroidManifest.xml:33:5-38:19
MERGED from [com.android.support:cardview-v7:26.1.0] AndroidManifest.xml:22:5-26:19
MERGED from [com.android.support:cardview-v7:26.1.0] AndroidManifest.xml:22:5-26:19
MERGED from [com.android.support.constraint:constraint-layout:1.0.2] AndroidManifest.xml:9:5-20
MERGED from [com.android.support.constraint:constraint-layout:1.0.2] AndroidManifest.xml:9:5-20
MERGED from [com.facebook.stetho:stetho-okhttp3:1.5.0] AndroidManifest.xml:11:5-20
MERGED from [com.facebook.stetho:stetho-okhttp3:1.5.0] AndroidManifest.xml:11:5-20
MERGED from [com.facebook.stetho:stetho:1.5.0] AndroidManifest.xml:11:5-20
MERGED from [com.facebook.stetho:stetho:1.5.0] AndroidManifest.xml:11:5-20
MERGED from [com.tbruyelle.rxpermissions2:rxpermissions:0.9.4] AndroidManifest.xml:11:5-20
MERGED from [com.tbruyelle.rxpermissions2:rxpermissions:0.9.4] AndroidManifest.xml:11:5-20
MERGED from [com.tencent.bugly:crashreport_upgrade:1.3.5] AndroidManifest.xml:20:5-44:19
MERGED from [com.tencent.bugly:crashreport_upgrade:1.3.5] AndroidManifest.xml:20:5-44:19
MERGED from [org.litepal.android:core:2.0.0] AndroidManifest.xml:12:5-13:19
MERGED from [org.litepal.android:core:2.0.0] AndroidManifest.xml:12:5-13:19
MERGED from [cn.jiguang.sdk:jpush:3.1.1] AndroidManifest.xml:37:5-131:19
MERGED from [cn.jiguang.sdk:jpush:3.1.1] AndroidManifest.xml:37:5-131:19
MERGED from [cn.jiguang.sdk:jcore:1.1.9] AndroidManifest.xml:11:5-12:19
MERGED from [cn.jiguang.sdk:jcore:1.1.9] AndroidManifest.xml:11:5-12:19
MERGED from [com.github.vondear:RxTools:v1.7.7.3] AndroidManifest.xml:31:5-56:19
MERGED from [com.github.vondear:RxTools:v1.7.7.3] AndroidManifest.xml:31:5-56:19
MERGED from [de.hdodenhof:circleimageview:2.1.0] AndroidManifest.xml:9:5-20
MERGED from [de.hdodenhof:circleimageview:2.1.0] AndroidManifest.xml:9:5-20
MERGED from [q.rorbin:badgeview:1.1.3] AndroidManifest.xml:11:5-20
MERGED from [q.rorbin:badgeview:1.1.3] AndroidManifest.xml:11:5-20
MERGED from [com.scwang.smartrefresh:SmartRefreshLayout:1.0.5.1] AndroidManifest.xml:11:5-15:19
MERGED from [com.scwang.smartrefresh:SmartRefreshLayout:1.0.5.1] AndroidManifest.xml:11:5-15:19
MERGED from [com.scwang.smartrefresh:SmartRefreshHeader:1.0.5.1] AndroidManifest.xml:11:5-15:19
MERGED from [com.scwang.smartrefresh:SmartRefreshHeader:1.0.5.1] AndroidManifest.xml:11:5-15:19
MERGED from [com.android.support:support-media-compat:26.1.0] AndroidManifest.xml:25:5-29:19
MERGED from [com.android.support:support-media-compat:26.1.0] AndroidManifest.xml:25:5-29:19
MERGED from [com.android.support:recyclerview-v7:26.1.0] AndroidManifest.xml:22:5-26:19
MERGED from [com.android.support:recyclerview-v7:26.1.0] AndroidManifest.xml:22:5-26:19
MERGED from [it.sephiroth.android.library.imagezoom:library:1.0.4] AndroidManifest.xml:5:5-19
MERGED from [it.sephiroth.android.library.imagezoom:library:1.0.4] AndroidManifest.xml:5:5-19
MERGED from [it.sephiroth.android.library.easing:library:1.0.2] AndroidManifest.xml:5:5-6:19
MERGED from [it.sephiroth.android.library.easing:library:1.0.2] AndroidManifest.xml:5:5-6:19
MERGED from [android.arch.lifecycle:runtime:1.0.0] AndroidManifest.xml:24:5-28:19
MERGED from [android.arch.lifecycle:runtime:1.0.0] AndroidManifest.xml:24:5-28:19
	android:supportsRtl
		ADDED from src\main\AndroidManifest.xml:74:9-35
	android:label
		ADDED from src\main\AndroidManifest.xml:72:9-41
	android:roundIcon
		ADDED from src\main\AndroidManifest.xml:73:9-54
	android:icon
		ADDED from src\main\AndroidManifest.xml:71:9-43
	android:allowBackup
		ADDED from src\main\AndroidManifest.xml:70:9-35
	android:theme
		ADDED from src\main\AndroidManifest.xml:75:9-40
	android:name
		ADDED from src\main\AndroidManifest.xml:69:9-38
activity#com.ywb.tuyue.ui.splash.SplashActivity
ADDED from src\main\AndroidManifest.xml:76:9-62
	android:name
		ADDED from src\main\AndroidManifest.xml:76:19-59
activity#com.ywb.tuyue.ui.main.MainActivity
ADDED from src\main\AndroidManifest.xml:77:9-82:67
	android:screenOrientation
		ADDED from src\main\AndroidManifest.xml:81:13-50
	android:launchMode
		ADDED from src\main\AndroidManifest.xml:80:13-44
	android:windowSoftInputMode
		ADDED from src\main\AndroidManifest.xml:82:13-64
	android:configChanges
		ADDED from src\main\AndroidManifest.xml:79:13-74
	android:name
		ADDED from src\main\AndroidManifest.xml:78:13-49
activity#com.ywb.tuyue.ui.unlock.UnlockActivity
ADDED from src\main\AndroidManifest.xml:83:9-94:20
	android:screenOrientation
		ADDED from src\main\AndroidManifest.xml:85:13-50
	android:name
		ADDED from src\main\AndroidManifest.xml:84:13-53
intent-filter#android.intent.action.MAIN+android.intent.category.DEFAULT+android.intent.category.HOME+android.intent.category.LAUNCHER
ADDED from src\main\AndroidManifest.xml:86:13-93:29
action#android.intent.action.MAIN
ADDED from src\main\AndroidManifest.xml:87:17-69
	android:name
		ADDED from src\main\AndroidManifest.xml:87:25-66
category#android.intent.category.LAUNCHER
ADDED from src\main\AndroidManifest.xml:89:17-77
	android:name
		ADDED from src\main\AndroidManifest.xml:89:27-74
category#android.intent.category.HOME
ADDED from src\main\AndroidManifest.xml:91:17-73
	android:name
		ADDED from src\main\AndroidManifest.xml:91:27-70
category#android.intent.category.DEFAULT
ADDED from src\main\AndroidManifest.xml:92:17-76
	android:name
		ADDED from src\main\AndroidManifest.xml:92:27-73
activity#com.zaaach.citypicker.CityPickerActivity
ADDED from src\main\AndroidManifest.xml:95:9-99:67
	android:screenOrientation
		ADDED from src\main\AndroidManifest.xml:97:13-49
	android:windowSoftInputMode
		ADDED from src\main\AndroidManifest.xml:99:13-64
	android:theme
		ADDED from src\main\AndroidManifest.xml:98:13-44
	android:name
		ADDED from src\main\AndroidManifest.xml:96:13-68
activity#com.tencent.bugly.beta.ui.BetaActivity
ADDED from src\main\AndroidManifest.xml:102:9-104:64
MERGED from [com.tencent.bugly:crashreport_upgrade:1.3.5] AndroidManifest.xml:23:9-27:56
MERGED from [com.tencent.bugly:crashreport_upgrade:1.3.5] AndroidManifest.xml:23:9-27:56
	android:configChanges
		ADDED from [com.tencent.bugly:crashreport_upgrade:1.3.5] AndroidManifest.xml:25:13-81
	android:theme
		ADDED from src\main\AndroidManifest.xml:104:13-61
	tools:replace
		ADDED from [com.tencent.bugly:crashreport_upgrade:1.3.5] AndroidManifest.xml:27:13-53
	android:name
		ADDED from src\main\AndroidManifest.xml:103:13-66
activity#com.ywb.tuyue.ui.advertise.AdvertiseDetailActivity
ADDED from src\main\AndroidManifest.xml:105:9-74
	android:name
		ADDED from src\main\AndroidManifest.xml:105:19-71
activity#com.ywb.tuyue.ui.settings.SettingsActivity
ADDED from src\main\AndroidManifest.xml:106:9-66
	android:name
		ADDED from src\main\AndroidManifest.xml:106:19-63
activity#com.ywb.tuyue.ui.cinema.CinemaActivity
ADDED from src\main\AndroidManifest.xml:107:9-62
	android:name
		ADDED from src\main\AndroidManifest.xml:107:19-59
activity#com.ywb.tuyue.ui.game.GameActivity
ADDED from src\main\AndroidManifest.xml:108:9-58
	android:name
		ADDED from src\main\AndroidManifest.xml:108:19-55
activity#com.ywb.tuyue.ui.music.MusicActivity
ADDED from src\main\AndroidManifest.xml:109:9-60
	android:name
		ADDED from src\main\AndroidManifest.xml:109:19-57
activity#com.ywb.tuyue.ui.food.FoodActivity
ADDED from src\main\AndroidManifest.xml:110:9-58
	android:name
		ADDED from src\main\AndroidManifest.xml:110:19-55
activity#com.ywb.tuyue.ui.book.BookActivity
ADDED from src\main\AndroidManifest.xml:111:9-58
	android:name
		ADDED from src\main\AndroidManifest.xml:111:19-55
activity#com.ywb.tuyue.ui.city.CityActivity
ADDED from src\main\AndroidManifest.xml:112:9-58
	android:name
		ADDED from src\main\AndroidManifest.xml:112:19-55
activity#com.ywb.tuyue.ui.subway.SubwayActivity
ADDED from src\main\AndroidManifest.xml:113:9-71
	android:name
		ADDED from src\main\AndroidManifest.xml:113:19-59
uses-sdk
INJECTED from src\main\AndroidManifest.xml reason: use-sdk injection requested
INJECTED from src\main\AndroidManifest.xml
INJECTED from src\main\AndroidManifest.xml
MERGED from [com.android.support:multidex:1.0.2] AndroidManifest.xml:20:5-43
MERGED from [com.android.support:multidex:1.0.2] AndroidManifest.xml:20:5-43
MERGED from [:matiss] AndroidManifest.xml:20:5-22:41
MERGED from [:matiss] AndroidManifest.xml:20:5-22:41
MERGED from [com.flipboard:bottomsheet-commons:1.5.3] AndroidManifest.xml:5:5-7:41
MERGED from [com.flipboard:bottomsheet-commons:1.5.3] AndroidManifest.xml:5:5-7:41
MERGED from [com.flipboard:bottomsheet-core:1.5.3] AndroidManifest.xml:5:5-7:41
MERGED from [com.flipboard:bottomsheet-core:1.5.3] AndroidManifest.xml:5:5-7:41
MERGED from [com.just.agentweb:agentweb:1.2.6] AndroidManifest.xml:7:5-9:41
MERGED from [com.just.agentweb:agentweb:1.2.6] AndroidManifest.xml:7:5-9:41
MERGED from [com.jude:rollviewpager:1.2.9] AndroidManifest.xml:7:5-9:41
MERGED from [com.jude:rollviewpager:1.2.9] AndroidManifest.xml:7:5-9:41
MERGED from [me.shaohui:bottomdialog:1.1.9] AndroidManifest.xml:7:5-9:41
MERGED from [me.shaohui:bottomdialog:1.1.9] AndroidManifest.xml:7:5-9:41
MERGED from [com.afollestad.material-dialogs:commons:0.9.4.5] AndroidManifest.xml:8:5-10:41
MERGED from [com.afollestad.material-dialogs:commons:0.9.4.5] AndroidManifest.xml:8:5-10:41
MERGED from [com.afollestad.material-dialogs:core:0.9.4.5] AndroidManifest.xml:8:5-11:75
MERGED from [com.afollestad.material-dialogs:core:0.9.4.5] AndroidManifest.xml:8:5-11:75
MERGED from [com.android.support:support-v13:25.3.1] AndroidManifest.xml:21:5-23:55
MERGED from [com.android.support:support-v13:25.3.1] AndroidManifest.xml:21:5-23:55
MERGED from [com.android.support:design:26.1.0] AndroidManifest.xml:21:5-23:62
MERGED from [com.android.support:design:26.1.0] AndroidManifest.xml:21:5-23:62
MERGED from [com.android.support:transition:26.1.0] AndroidManifest.xml:20:5-44
MERGED from [com.android.support:transition:26.1.0] AndroidManifest.xml:20:5-44
MERGED from [com.android.support:support-v4:26.1.0] AndroidManifest.xml:21:5-23:54
MERGED from [com.android.support:support-v4:26.1.0] AndroidManifest.xml:21:5-23:54
MERGED from [jp.wasabeef:recyclerview-animators:2.2.3] AndroidManifest.xml:8:5-10:41
MERGED from [jp.wasabeef:recyclerview-animators:2.2.3] AndroidManifest.xml:8:5-10:41
MERGED from [com.github.arcadefire:nice-spinner:1.3.1] AndroidManifest.xml:5:5-7:41
MERGED from [com.github.arcadefire:nice-spinner:1.3.1] AndroidManifest.xml:5:5-7:41